<?xml version="1.0" encoding="UTF-8"?>
<testng-results ignored="0" total="2" passed="2" failed="0" skipped="0">
  <reporter-output>
  </reporter-output>
  <suite started-at="2026-05-07T10:41:55 IST" name="Suite" finished-at="2026-05-07T10:42:12 IST" duration-ms="16298">
    <groups>
    </groups>
    <test started-at="2026-05-07T10:41:55 IST" name="Test" finished-at="2026-05-07T10:42:12 IST" duration-ms="16298">
      <class name="com.testPage.DashBoardTest">
        <test-method is-config="true" signature="setup()[pri:0, instance:com.testPage.DashBoardTest@5aa9e4eb]" started-at="2026-05-07T10:41:56 IST" name="setup" finished-at="2026-05-07T10:42:03 IST" duration-ms="7133" status="PASS">
          <reporter-output>
          </reporter-output>
        </test-method> <!-- setup -->
        <test-method signature="DashboardTest()[pri:0, instance:com.testPage.DashBoardTest@5aa9e4eb]" started-at="2026-05-07T10:42:03 IST" name="DashboardTest" finished-at="2026-05-07T10:42:06 IST" duration-ms="3306" status="PASS">
          <reporter-output>
          </reporter-output>
        </test-method> <!-- DashboardTest -->
        <test-method is-config="true" signature="close()[pri:0, instance:com.testPage.DashBoardTest@5aa9e4eb]" started-at="2026-05-07T10:42:06 IST" name="close" finished-at="2026-05-07T10:42:06 IST" duration-ms="285" status="PASS">
          <reporter-output>
          </reporter-output>
        </test-method> <!-- close -->
      </class> <!-- com.testPage.DashBoardTest -->
      <class name="com.testPage.LoginTest">
        <test-method is-config="true" signature="setup()[pri:0, instance:com.testPage.LoginTest@7dcf94f8]" started-at="2026-05-07T10:42:06 IST" name="setup" finished-at="2026-05-07T10:42:11 IST" duration-ms="4455" status="PASS">
          <reporter-output>
          </reporter-output>
        </test-method> <!-- setup -->
        <test-method signature="loginTest()[pri:0, instance:com.testPage.LoginTest@7dcf94f8]" started-at="2026-05-07T10:42:11 IST" name="loginTest" finished-at="2026-05-07T10:42:12 IST" duration-ms="868" status="PASS">
          <reporter-output>
          </reporter-output>
        </test-method> <!-- loginTest -->
        <test-method is-config="true" signature="close()[pri:0, instance:com.testPage.LoginTest@7dcf94f8]" started-at="2026-05-07T10:42:12 IST" name="close" finished-at="2026-05-07T10:42:12 IST" duration-ms="138" status="PASS">
          <reporter-output>
          </reporter-output>
        </test-method> <!-- close -->
      </class> <!-- com.testPage.LoginTest -->
    </test> <!-- Test -->
  </suite> <!-- Suite -->
</testng-results>
