<?xml version="1.0" encoding="UTF-8"?>
<!-- Generated by org.testng.reporters.JUnitReportReporter -->
<testsuite hostname="LAPTOP-KTHHIK5G" failures="0" tests="3" name="com.Test.DemoBlazeTest" time="32.094" errors="0" timestamp="2026-04-29T06:35:18 IST" skipped="0">
  <testcase classname="com.Test.DemoBlazeTest" name="testFlow" time="7.562"/>
  <testcase classname="com.Test.DemoBlazeTest" name="testFlow" time="9.093"/>
  <testcase classname="com.Test.DemoBlazeTest" name="testFlow" time="15.439"/>
</testsuite> <!-- com.Test.DemoBlazeTest -->
