<?xml version="1.0" encoding="UTF-8"?>
<!-- Generated by org.testng.reporters.JUnitReportReporter -->
<testsuite hostname="LAPTOP-KTHHIK5G" failures="0" tests="3" name="com.Test.DemoBlazeTest" time="38.474" errors="0" timestamp="2026-04-29T21:11:06 IST" skipped="0">
  <testcase classname="com.Test.DemoBlazeTest" name="testFlow" time="9.156"/>
  <testcase classname="com.Test.DemoBlazeTest" name="testFlow" time="10.197"/>
  <testcase classname="com.Test.DemoBlazeTest" name="testFlow" time="19.121"/>
</testsuite> <!-- com.Test.DemoBlazeTest -->
