<?xml version="1.0" encoding="UTF-8"?>
<testng-results ignored="0" total="3" passed="3" failed="0" skipped="0">
  <reporter-output>
  </reporter-output>
  <suite started-at="2026-04-29T21:10:25 IST" name="Default suite" finished-at="2026-04-29T21:11:06 IST" duration-ms="41425">
    <groups>
    </groups>
    <test started-at="2026-04-29T21:10:25 IST" name="Default test" finished-at="2026-04-29T21:11:06 IST" duration-ms="41425">
      <class name="com.Test.DemoBlazeTest">
        <test-method is-config="true" signature="setup()[pri:0, instance:com.Test.DemoBlazeTest@443118b0]" started-at="2026-04-29T21:10:28 IST" name="setup" finished-at="2026-04-29T21:10:35 IST" duration-ms="6998" status="PASS">
          <reporter-output>
          </reporter-output>
        </test-method> <!-- setup -->
        <test-method signature="testFlow(java.lang.String,java.lang.String,java.lang.String)[pri:0, instance:com.Test.DemoBlazeTest@443118b0]" started-at="2026-04-29T21:10:35 IST" name="testFlow" data-provider="excelData" finished-at="2026-04-29T21:10:44 IST" duration-ms="9834" status="PASS">
          <params>
            <param index="0">
              <value>
                <![CDATA[sowndariya]]>
              </value>
            </param>
            <param index="1">
              <value>
                <![CDATA[Sow@911!]]>
              </value>
            </param>
            <param index="2">
              <value>
                <![CDATA[valid]]>
              </value>
            </param>
          </params>
          <reporter-output>
          </reporter-output>
        </test-method> <!-- testFlow -->
        <test-method is-config="true" signature="tearDown(org.testng.ITestResult)[pri:0, instance:com.Test.DemoBlazeTest@443118b0]" started-at="2026-04-29T21:10:44 IST" name="tearDown" finished-at="2026-04-29T21:10:46 IST" duration-ms="1944" status="PASS">
          <params>
            <param index="0">
              <value>
                <![CDATA[[TestResult name=testFlow status=SUCCESS method=DemoBlazeTest.testFlow(java.lang.String,java.lang.String,java.lang.String)[pri:0, instance:com.Test.DemoBlazeTest@443118b0] output={null}]]]>
              </value>
            </param>
          </params>
          <reporter-output>
          </reporter-output>
        </test-method> <!-- tearDown -->
        <test-method is-config="true" signature="setup()[pri:0, instance:com.Test.DemoBlazeTest@443118b0]" started-at="2026-04-29T21:10:46 IST" name="setup" finished-at="2026-04-29T21:10:54 IST" duration-ms="7343" status="PASS">
          <reporter-output>
          </reporter-output>
        </test-method> <!-- setup -->
        <test-method signature="testFlow(java.lang.String,java.lang.String,java.lang.String)[pri:0, instance:com.Test.DemoBlazeTest@443118b0]" started-at="2026-04-29T21:10:54 IST" name="testFlow" data-provider="excelData" finished-at="2026-04-29T21:10:56 IST" duration-ms="2657" status="PASS">
          <params>
            <param index="0">
              <value>
                <![CDATA[*sk]]>
              </value>
            </param>
            <param index="1">
              <value>
                <![CDATA[Sow@911!]]>
              </value>
            </param>
            <param index="2">
              <value>
                <![CDATA[invalidUser]]>
              </value>
            </param>
          </params>
          <reporter-output>
          </reporter-output>
        </test-method> <!-- testFlow -->
        <test-method is-config="true" signature="tearDown(org.testng.ITestResult)[pri:0, instance:com.Test.DemoBlazeTest@443118b0]" started-at="2026-04-29T21:10:56 IST" name="tearDown" finished-at="2026-04-29T21:10:57 IST" duration-ms="542" status="PASS">
          <params>
            <param index="0">
              <value>
                <![CDATA[[TestResult name=testFlow status=SUCCESS method=DemoBlazeTest.testFlow(java.lang.String,java.lang.String,java.lang.String)[pri:0, instance:com.Test.DemoBlazeTest@443118b0] output={null}]]]>
              </value>
            </param>
          </params>
          <reporter-output>
          </reporter-output>
        </test-method> <!-- tearDown -->
        <test-method is-config="true" signature="setup()[pri:0, instance:com.Test.DemoBlazeTest@443118b0]" started-at="2026-04-29T21:10:57 IST" name="setup" finished-at="2026-04-29T21:11:02 IST" duration-ms="5412" status="PASS">
          <reporter-output>
          </reporter-output>
        </test-method> <!-- setup -->
        <test-method signature="testFlow(java.lang.String,java.lang.String,java.lang.String)[pri:0, instance:com.Test.DemoBlazeTest@443118b0]" started-at="2026-04-29T21:11:02 IST" name="testFlow" data-provider="excelData" finished-at="2026-04-29T21:11:05 IST" duration-ms="3051" status="PASS">
          <params>
            <param index="0">
              <value>
                <![CDATA[sowndariya]]>
              </value>
            </param>
            <param index="1">
              <value>
                <![CDATA[sownd@911]]>
              </value>
            </param>
            <param index="2">
              <value>
                <![CDATA[invalidPassword]]>
              </value>
            </param>
          </params>
          <reporter-output>
          </reporter-output>
        </test-method> <!-- testFlow -->
        <test-method is-config="true" signature="tearDown(org.testng.ITestResult)[pri:0, instance:com.Test.DemoBlazeTest@443118b0]" started-at="2026-04-29T21:11:05 IST" name="tearDown" finished-at="2026-04-29T21:11:06 IST" duration-ms="693" status="PASS">
          <params>
            <param index="0">
              <value>
                <![CDATA[[TestResult name=testFlow status=SUCCESS method=DemoBlazeTest.testFlow(java.lang.String,java.lang.String,java.lang.String)[pri:0, instance:com.Test.DemoBlazeTest@443118b0] output={null}]]]>
              </value>
            </param>
          </params>
          <reporter-output>
          </reporter-output>
        </test-method> <!-- tearDown -->
      </class> <!-- com.Test.DemoBlazeTest -->
    </test> <!-- Default test -->
  </suite> <!-- Default suite -->
</testng-results>
