<?xml version="1.0" encoding="UTF-8"?>
<!-- Generated by org.testng.reporters.JUnitXMLReporter -->
<testsuite ignored="0" hostname="LAPTOP-KTHHIK5G" failures="0" tests="3" name="Test" time="40.313" errors="0" timestamp="2026-04-29T20:11:18 IST">
  <testcase classname="com.Test.DemoBlazeTest" name="testFlow" time="9.322"/>
  <testcase classname="com.Test.DemoBlazeTest" name="testFlow" time="2.406"/>
  <testcase classname="com.Test.DemoBlazeTest" name="testFlow" time="4.818"/>
</testsuite> <!-- Test -->
