<?xml version="1.0" encoding="UTF-8"?>
<testng-results ignored="0" total="1" passed="1" failed="0" skipped="0">
  <reporter-output>
  </reporter-output>
  <suite started-at="2026-04-28T16:26:13 IST" name="Default suite" finished-at="2026-04-28T16:26:35 IST" duration-ms="22028">
    <groups>
    </groups>
    <test started-at="2026-04-28T16:26:13 IST" name="Default test" finished-at="2026-04-28T16:26:35 IST" duration-ms="22028">
      <class name="com.testPage.DashBoardTest">
        <test-method is-config="true" signature="setup()[pri:0, instance:com.testPage.DashBoardTest@10683d9d]" started-at="2026-04-28T16:26:13 IST" name="setup" finished-at="2026-04-28T16:26:22 IST" duration-ms="8794" status="PASS">
          <reporter-output>
          </reporter-output>
        </test-method> <!-- setup -->
        <test-method signature="DashboardTest()[pri:0, instance:com.testPage.DashBoardTest@10683d9d]" started-at="2026-04-28T16:26:22 IST" name="DashboardTest" finished-at="2026-04-28T16:26:35 IST" duration-ms="12808" status="PASS">
          <reporter-output>
          </reporter-output>
        </test-method> <!-- DashboardTest -->
        <test-method is-config="true" signature="close()[pri:0, instance:com.testPage.DashBoardTest@10683d9d]" started-at="2026-04-28T16:26:35 IST" name="close" finished-at="2026-04-28T16:26:35 IST" duration-ms="338" status="PASS">
          <reporter-output>
          </reporter-output>
        </test-method> <!-- close -->
      </class> <!-- com.testPage.DashBoardTest -->
    </test> <!-- Default test -->
  </suite> <!-- Default suite -->
</testng-results>
