<?xml version="1.0" encoding="UTF-8"?>
<!-- Generated by org.testng.reporters.JUnitXMLReporter -->
<testsuite ignored="0" hostname="LAPTOP-KTHHIK5G" failures="1" tests="2" name="ChromeTest" time="30.348" errors="0" timestamp="2026-04-28T12:53:51 IST">
  <testcase classname="com.testPage.LoginTest" name="loginTest" time="3.089">
    <failure type="java.lang.AssertionError" message="expected [true] but found [false]">
      <![CDATA[java.lang.AssertionError: expected [true] but found [false]
at com.testPage.LoginTest.loginTest(LoginTest.java:16)
at java.base/java.util.ArrayList.forEach(ArrayList.java:1596)
... Removed 29 stack frames]]>
    </failure>
  </testcase> <!-- loginTest -->
  <testcase classname="com.testPage.DashBoardTest" name="verifyDashboardPage" time="9.779"/>
</testsuite> <!-- ChromeTest -->
