<?xml version="1.0" encoding="UTF-8"?>
<!-- Generated by org.testng.reporters.JUnitXMLReporter -->
<testsuite ignored="0" hostname="LAPTOP-KTHHIK5G" failures="0" tests="3" name="Default test" time="35.6" errors="0" timestamp="2026-04-29T06:35:18 IST">
  <testcase classname="com.Test.DemoBlazeTest" name="testFlow" time="9.419"/>
  <testcase classname="com.Test.DemoBlazeTest" name="testFlow" time="2.706"/>
  <testcase classname="com.Test.DemoBlazeTest" name="testFlow" time="4.38"/>
</testsuite> <!-- Default test -->
