<?xml version="1.0" encoding="UTF-8"?>
<!-- Generated by org.testng.reporters.JUnitXMLReporter -->
<testsuite ignored="0" hostname="LAPTOP-KTHHIK5G" failures="0" tests="3" name="Default test" time="41.425" errors="0" timestamp="2026-04-29T21:11:06 IST">
  <testcase classname="com.Test.DemoBlazeTest" name="testFlow" time="9.834"/>
  <testcase classname="com.Test.DemoBlazeTest" name="testFlow" time="2.657"/>
  <testcase classname="com.Test.DemoBlazeTest" name="testFlow" time="3.051"/>
</testsuite> <!-- Default test -->
